# JRE version: OpenJDK Runtime Environment (8.0_242-b01) (build 1.8.0_242-release-1644-b01)
# Java VM: OpenJDK 64-Bit Server VM (25.242-b01 mixed mode windows-amd64 compressed oops)
Heap:
 PSYoungGen      total 391680K, used 41271K [0x00000000d5580000, 0x00000000f1080000, 0x0000000100000000)
  eden space 347136K, 0% used [0x00000000d5580000,0x00000000d5580000,0x00000000ea880000)
  from space 44544K, 92% used [0x00000000ea880000,0x00000000ed0cde78,0x00000000ed400000)
  to   space 50176K, 0% used [0x00000000edf80000,0x00000000edf80000,0x00000000f1080000)
 ParOldGen       total 122368K, used 70889K [0x0000000080000000, 0x0000000087780000, 0x00000000d5580000)
  object space 122368K, 57% used [0x0000000080000000,0x000000008453a4e8,0x0000000087780000)
 Metaspace       used 92971K, capacity 98549K, committed 98600K, reserved 1134592K
  class space    used 12279K, capacity 13345K, committed 13360K, reserved 1048576K
GC Heap History (10 events):
Event: 265.144 GC heap after
Heap after GC invocations=20 (full 3):
 PSYoungGen      total 344064K, used 33368K [0x00000000d5580000, 0x00000000ef800000, 0x0000000100000000)
  eden space 306688K, 0% used [0x00000000d5580000,0x00000000d5580000,0x00000000e8100000)
  from space 37376K, 89% used [0x00000000e8100000,0x00000000ea1960a8,0x00000000ea580000)
  to   space 41984K, 0% used [0x00000000ecf00000,0x00000000ecf00000,0x00000000ef800000)
 ParOldGen       total 122368K, used 70849K [0x0000000080000000, 0x0000000087780000, 0x00000000d5580000)
  object space 122368K, 57% used [0x0000000080000000,0x00000000845304e8,0x0000000087780000)
 Metaspace       used 89924K, capacity 95039K, committed 95272K, reserved 1132544K
  class space    used 12086K, capacity 13034K, committed 13104K, reserved 1048576K
}
Event: 477.900 GC heap before
{Heap before GC invocations=21 (full 3):
 PSYoungGen      total 344064K, used 340056K [0x00000000d5580000, 0x00000000ef800000, 0x0000000100000000)
  eden space 306688K, 100% used [0x00000000d5580000,0x00000000e8100000,0x00000000e8100000)
  from space 37376K, 89% used [0x00000000e8100000,0x00000000ea1960a8,0x00000000ea580000)
  to   space 41984K, 0% used [0x00000000ecf00000,0x00000000ecf00000,0x00000000ef800000)
 ParOldGen       total 122368K, used 70849K [0x0000000080000000, 0x0000000087780000, 0x00000000d5580000)
  object space 122368K, 57% used [0x0000000080000000,0x00000000845304e8,0x0000000087780000)
 Metaspace       used 90574K, capacity 95821K, committed 96040K, reserved 1132544K
  class space    used 12103K, capacity 13091K, committed 13104K, reserved 1048576K
Event: 477.924 GC heap after
Heap after GC invocations=21 (full 3):
 PSYoungGen      total 373248K, used 24061K [0x00000000d5580000, 0x00000000ef180000, 0x0000000100000000)
  eden space 337920K, 0% used [0x00000000d5580000,0x00000000d5580000,0x00000000e9f80000)
  from space 35328K, 68% used [0x00000000ecf00000,0x00000000ee67f548,0x00000000ef180000)
  to   space 41984K, 0% used [0x00000000e9f80000,0x00000000e9f80000,0x00000000ec880000)
 ParOldGen       total 122368K, used 70857K [0x0000000080000000, 0x0000000087780000, 0x00000000d5580000)
  object space 122368K, 57% used [0x0000000080000000,0x00000000845324e8,0x0000000087780000)
 Metaspace       used 90574K, capacity 95821K, committed 96040K, reserved 1132544K
  class space    used 12103K, capacity 13091K, committed 13104K, reserved 1048576K
}
Event: 733.017 GC heap before
{Heap before GC invocations=22 (full 3):
 PSYoungGen      total 373248K, used 361981K [0x00000000d5580000, 0x00000000ef180000, 0x0000000100000000)
  eden space 337920K, 100% used [0x00000000d5580000,0x00000000e9f80000,0x00000000e9f80000)
  from space 35328K, 68% used [0x00000000ecf00000,0x00000000ee67f548,0x00000000ef180000)
  to   space 41984K, 0% used [0x00000000e9f80000,0x00000000e9f80000,0x00000000ec880000)
 ParOldGen       total 122368K, used 70857K [0x0000000080000000, 0x0000000087780000, 0x00000000d5580000)
  object space 122368K, 57% used [0x0000000080000000,0x00000000845324e8,0x0000000087780000)
 Metaspace       used 91275K, capacity 96789K, committed 96936K, reserved 1132544K
  class space    used 12129K, capacity 13139K, committed 13232K, reserved 1048576K
Event: 733.054 GC heap after
Heap after GC invocations=22 (full 3):
 PSYoungGen      total 379904K, used 31002K [0x00000000d5580000, 0x00000000f1180000, 0x0000000100000000)
  eden space 337920K, 0% used [0x00000000d5580000,0x00000000d5580000,0x00000000e9f80000)
  from space 41984K, 73% used [0x00000000e9f80000,0x00000000ebdc6958,0x00000000ec880000)
  to   space 44544K, 0% used [0x00000000ee600000,0x00000000ee600000,0x00000000f1180000)
 ParOldGen       total 122368K, used 70873K [0x0000000080000000, 0x0000000087780000, 0x00000000d5580000)
  object space 122368K, 57% used [0x0000000080000000,0x00000000845364e8,0x0000000087780000)
 Metaspace       used 91275K, capacity 96789K, committed 96936K, reserved 1132544K
  class space    used 12129K, capacity 13139K, committed 13232K, reserved 1048576K
}
Event: 1928.745 GC heap before
{Heap before GC invocations=23 (full 3):
 PSYoungGen      total 379904K, used 368922K [0x00000000d5580000, 0x00000000f1180000, 0x0000000100000000)
  eden space 337920K, 100% used [0x00000000d5580000,0x00000000e9f80000,0x00000000e9f80000)
  from space 41984K, 73% used [0x00000000e9f80000,0x00000000ebdc6958,0x00000000ec880000)
  to   space 44544K, 0% used [0x00000000ee600000,0x00000000ee600000,0x00000000f1180000)
 ParOldGen       total 122368K, used 70873K [0x0000000080000000, 0x0000000087780000, 0x00000000d5580000)
  object space 122368K, 57% used [0x0000000080000000,0x00000000845364e8,0x0000000087780000)
 Metaspace       used 91807K, capacity 97353K, committed 97448K, reserved 1134592K
  class space    used 12150K, capacity 13203K, committed 13232K, reserved 1048576K
Event: 1928.790 GC heap after
Heap after GC invocations=23 (full 3):
 PSYoungGen      total 350720K, used 25952K [0x00000000d5580000, 0x00000000eff80000, 0x0000000100000000)
  eden space 324608K, 0% used [0x00000000d5580000,0x00000000d5580000,0x00000000e9280000)
  from space 26112K, 99% used [0x00000000ee600000,0x00000000eff58360,0x00000000eff80000)
  to   space 44544K, 0% used [0x00000000ea880000,0x00000000ea880000,0x00000000ed400000)
 ParOldGen       total 122368K, used 70881K [0x0000000080000000, 0x0000000087780000, 0x00000000d5580000)
  object space 122368K, 57% used [0x0000000080000000,0x00000000845384e8,0x0000000087780000)
 Metaspace       used 91807K, capacity 97353K, committed 97448K, reserved 1134592K
  class space    used 12150K, capacity 13203K, committed 13232K, reserved 1048576K
}
Event: 1930.051 GC heap before
{Heap before GC invocations=24 (full 3):
 PSYoungGen      total 350720K, used 213410K [0x00000000d5580000, 0x00000000eff80000, 0x0000000100000000)
  eden space 324608K, 57% used [0x00000000d5580000,0x00000000e0c90818,0x00000000e9280000)
  from space 26112K, 99% used [0x00000000ee600000,0x00000000eff58360,0x00000000eff80000)
  to   space 44544K, 0% used [0x00000000ea880000,0x00000000ea880000,0x00000000ed400000)
 ParOldGen       total 122368K, used 70881K [0x0000000080000000, 0x0000000087780000, 0x00000000d5580000)
  object space 122368K, 57% used [0x0000000080000000,0x00000000845384e8,0x0000000087780000)
 Metaspace       used 92971K, capacity 98549K, committed 98600K, reserved 1134592K
  class space    used 12279K, capacity 13345K, committed 13360K, reserved 1048576K
Event: 1930.077 GC heap after
Heap after GC invocations=24 (full 3):
 PSYoungGen      total 391680K, used 41271K [0x00000000d5580000, 0x00000000f1080000, 0x0000000100000000)
  eden space 347136K, 0% used [0x00000000d5580000,0x00000000d5580000,0x00000000ea880000)
  from space 44544K, 92% used [0x00000000ea880000,0x00000000ed0cde78,0x00000000ed400000)
  to   space 50176K, 0% used [0x00000000edf80000,0x00000000edf80000,0x00000000f1080000)
 ParOldGen       total 122368K, used 70889K [0x0000000080000000, 0x0000000087780000, 0x00000000d5580000)
  object space 122368K, 57% used [0x0000000080000000,0x000000008453a4e8,0x0000000087780000)
 Metaspace       used 92971K, capacity 98549K, committed 98600K, reserved 1134592K
  class space    used 12279K, capacity 13345K, committed 13360K, reserved 1048576K
}
Event: 1930.077 GC heap before
{Heap before GC invocations=25 (full 4):
 PSYoungGen      total 391680K, used 41271K [0x00000000d5580000, 0x00000000f1080000, 0x0000000100000000)
  eden space 347136K, 0% used [0x00000000d5580000,0x00000000d5580000,0x00000000ea880000)
  from space 44544K, 92% used [0x00000000ea880000,0x00000000ed0cde78,0x00000000ed400000)
  to   space 50176K, 0% used [0x00000000edf80000,0x00000000edf80000,0x00000000f1080000)
 ParOldGen       total 122368K, used 70889K [0x0000000080000000, 0x0000000087780000, 0x00000000d5580000)
  object space 122368K, 57% used [0x0000000080000000,0x000000008453a4e8,0x0000000087780000)
 Metaspace       used 92971K, capacity 98549K, committed 98600K, reserved 1134592K
  class space    used 12279K, capacity 13345K, committed 13360K, reserved 1048576K

